<?xml version="1.0" encoding="UTF-8"?>
<!-- Generated by org.testng.reporters.JUnitReportReporter -->
<testsuite hostname="DESKTOP-GJ6D9AP" failures="0" tests="2" name="tesing.God" time="4.375" errors="0" timestamp="2023-03-08T16:47:01 IST" skipped="0">
  <testcase classname="tesing.God" name="google" time="2.447"/>
  <system-out/>
  <testcase classname="tesing.God" name="bing" time="1.928"/>
  <system-out/>
</testsuite> <!-- tesing.God -->
